Using pre-set license
Built from '2020.3/staging' branch; Version is '2020.3.21f1 (a38c86f6690f) revision 10718342'; Using compiler version '192528614'; Build Type 'Release'
OS: 'Windows 10 Home Single Language; OS build 19043.1586; Version 2009; 64bit' Language: 'en' Physical Memory: 16196 MB
BatchMode: 1, IsHumanControllingUs: 0, StartBugReporterOnCrash: 0, Is64bit: 1, IsPro: 0

COMMAND LINE ARGUMENTS:
C:\Program Files\Unity\Hub\Editor\2020.3.21f1\Editor\Unity.exe
-adb2
-batchMode
-noUpm
-name
AssetImportWorker0
-projectPath
D:/untiy/untiy/2D game website
-logFile
Logs/AssetImportWorker0.log
-srvPort
49234
Successfully changed project path to: D:/untiy/untiy/2D game website
D:/untiy/untiy/2D game website
Using Asset Import Pipeline V2.
Refreshing native plugins compatible for Editor in 49.30 ms, found 3 plugins.
Preloading 0 native plugins for Editor in 0.00 ms.
Initialize engine version: 2020.3.21f1 (a38c86f6690f)
[Subsystems] Discovering subsystems at path C:/Program Files/Unity/Hub/Editor/2020.3.21f1/Editor/Data/Resources/UnitySubsystems
[Subsystems] Discovering subsystems at path D:/untiy/untiy/2D game website/Assets
GfxDevice: creating device client; threaded=0
Direct3D:
    Version:  Direct3D 11.0 [level 11.1]
    Renderer: NVIDIA GeForce RTX 2060 (ID=0x1f11)
    Vendor:   
    VRAM:     5980 MB
    Driver:   30.0.15.1179
Initialize mono
Mono path[0] = 'C:/Program Files/Unity/Hub/Editor/2020.3.21f1/Editor/Data/Managed'
Mono path[1] = 'C:/Program Files/Unity/Hub/Editor/2020.3.21f1/Editor/Data/MonoBleedingEdge/lib/mono/unityjit'
Mono config path = 'C:/Program Files/Unity/Hub/Editor/2020.3.21f1/Editor/Data/MonoBleedingEdge/etc'
Using monoOptions --debugger-agent=transport=dt_socket,embedding=1,server=y,suspend=n,address=127.0.0.1:56660
Begin MonoManager ReloadAssembly
Registering precompiled unity dll's ...
Register platform support module: C:/Program Files/Unity/Hub/Editor/2020.3.21f1/Editor/Data/PlaybackEngines/WebGLSupport/UnityEditor.WebGL.Extensions.dll
Register platform support module: C:/Program Files/Unity/Hub/Editor/2020.3.21f1/Editor/Data/PlaybackEngines/WindowsStandaloneSupport/UnityEditor.WindowsStandalone.Extensions.dll
Registered in 0.002577 seconds.
Native extension for WindowsStandalone target not found
Native extension for WebGL target not found
Refreshing native plugins compatible for Editor in 58.99 ms, found 3 plugins.
Preloading 0 native plugins for Editor in 0.00 ms.
Mono: successfully reloaded assembly
- Completed reload, in  2.817 seconds
Domain Reload Profiling:
	ReloadAssembly (2818ms)
		BeginReloadAssembly (61ms)
			ExecutionOrderSort (0ms)
			DisableScriptedObjects (0ms)
			BackupInstance (0ms)
			ReleaseScriptingObjects (0ms)
			CreateAndSetChildDomain (1ms)
		EndReloadAssembly (582ms)
			LoadAssemblies (59ms)
			RebuildTransferFunctionScriptingTraits (0ms)
			SetupTypeCache (175ms)
			ReleaseScriptCaches (0ms)
			RebuildScriptCaches (38ms)
			SetupLoadedEditorAssemblies (255ms)
				LogAssemblyErrors (0ms)
				InitializePlatformSupportModulesInManaged (5ms)
				SetLoadedEditorAssemblies (0ms)
				RefreshPlugins (59ms)
				BeforeProcessingInitializeOnLoad (45ms)
				ProcessInitializeOnLoadAttributes (109ms)
				ProcessInitializeOnLoadMethodAttributes (36ms)
				AfterProcessingInitializeOnLoad (0ms)
				EditorAssembliesLoaded (0ms)
			ExecutionOrderSort2 (0ms)
			AwakeInstancesAfterBackupRestoration (0ms)
Platform modules already initialized, skipping
Registering precompiled user dll's ...
Registered in 0.003687 seconds.
Begin MonoManager ReloadAssembly
Native extension for WindowsStandalone target not found
Native extension for WebGL target not found
Refreshing native plugins compatible for Editor in 44.39 ms, found 3 plugins.
Preloading 0 native plugins for Editor in 0.00 ms.
Mono: successfully reloaded assembly
- Completed reload, in  1.312 seconds
Domain Reload Profiling:
	ReloadAssembly (1313ms)
		BeginReloadAssembly (155ms)
			ExecutionOrderSort (0ms)
			DisableScriptedObjects (5ms)
			BackupInstance (0ms)
			ReleaseScriptingObjects (0ms)
			CreateAndSetChildDomain (21ms)
		EndReloadAssembly (1084ms)
			LoadAssemblies (113ms)
			RebuildTransferFunctionScriptingTraits (0ms)
			SetupTypeCache (399ms)
			ReleaseScriptCaches (0ms)
			RebuildScriptCaches (57ms)
			SetupLoadedEditorAssemblies (369ms)
				LogAssemblyErrors (0ms)
				InitializePlatformSupportModulesInManaged (5ms)
				SetLoadedEditorAssemblies (0ms)
				RefreshPlugins (44ms)
				BeforeProcessingInitializeOnLoad (84ms)
				ProcessInitializeOnLoadAttributes (211ms)
				ProcessInitializeOnLoadMethodAttributes (17ms)
				AfterProcessingInitializeOnLoad (7ms)
				EditorAssembliesLoaded (0ms)
			ExecutionOrderSort2 (0ms)
			AwakeInstancesAfterBackupRestoration (7ms)
Platform modules already initialized, skipping
========================================================================
Worker process is ready to serve import requests
Launched and connected shader compiler UnityShaderCompiler.exe after 0.09 seconds
Refreshing native plugins compatible for Editor in 0.49 ms, found 3 plugins.
Preloading 0 native plugins for Editor in 0.00 ms.
Unloading 2230 Unused Serialized files (Serialized files now loaded: 0)
System memory in use before: 98.7 MB.
System memory in use after: 98.8 MB.

Unloading 28 unused Assets to reduce memory usage. Loaded Objects now: 2665.
Total: 3.353400 ms (FindLiveObjects: 0.206700 ms CreateObjectMapping: 0.092200 ms MarkObjects: 2.985200 ms  DeleteObjects: 0.067800 ms)

AssetImportParameters requested are different than current active one (requested -> active):
  custom:framework-win-MediaFoundation: 216162199b28c13a410421893ffa2e32 -> 
  custom:video-decoder-ogg-theora: a1e56fd34408186e4bbccfd4996cb3dc -> 
  custom:container-muxer-webm: aa71ff27fc2769a1b78a27578f13a17b -> 
  custom:container-demuxer-webm: 4f35f7cbe854078d1ac9338744f61a02 -> 
  custom:container-demuxer-ogg: 62fdf1f143b41e24485cea50d1cbac27 -> 
  custom:video-encoder-webm-vp8: eb34c28f22e8b96e1ab97ce403110664 -> 
  custom:video-decoder-webm-vp8: 9c59270c3fd7afecdb556c50c9e8de78 -> 
  custom:audio-decoder-ogg-vorbis: bf7c407c2cedff20999df2af8eb42d56 -> 
  custom:audio-encoder-webm-vorbis: bf7c407c2cedff20999df2af8eb42d56 -> 
========================================================================
Received Import Request.
  path: Assets/index.jpg
  artifactKey: Guid(b43cdc75219a6f34fa45c9c8cb38b92a) Importer(815301076,1909f56bfc062723c751e8b465ee728b)
Start importing Assets/index.jpg using Guid(b43cdc75219a6f34fa45c9c8cb38b92a) Importer(815301076,1909f56bfc062723c751e8b465ee728b)  -> (artifact id: '5af90abfc283aaefea7a82f5e3ad737a') in 0.181258 seconds 
  Import took 0.185691 seconds .

========================================================================
Received Import Request.
  Time since last request: 0.000300 seconds.
  path: Assets/neon-orange-color-solid-background-1920x1080.png
  artifactKey: Guid(65b88d14059581548bfc46d95db5dc74) Importer(815301076,1909f56bfc062723c751e8b465ee728b)
Start importing Assets/neon-orange-color-solid-background-1920x1080.png using Guid(65b88d14059581548bfc46d95db5dc74) Importer(815301076,1909f56bfc062723c751e8b465ee728b)  -> (artifact id: '596fc75901422b517dd0135812d7bc01') in 0.025279 seconds 
  Import took 0.029270 seconds .

========================================================================
Received Import Request.
  Time since last request: 0.000185 seconds.
  path: Assets/photo-1516528387618-afa90b13e000.jpg
  artifactKey: Guid(f2d275fae9087224b982312cf732176b) Importer(815301076,1909f56bfc062723c751e8b465ee728b)
Start importing Assets/photo-1516528387618-afa90b13e000.jpg using Guid(f2d275fae9087224b982312cf732176b) Importer(815301076,1909f56bfc062723c751e8b465ee728b)  -> (artifact id: 'fb39dc8a7f2c2bcb4b63550aed7e1363') in 0.026443 seconds 
  Import took 0.031819 seconds .

========================================================================
Received Import Request.
  Time since last request: 0.000178 seconds.
  path: Assets/360_F_286067698_sZvY6i0BukkMSxKjMyn1y2YHtfpCRSL9.jpg
  artifactKey: Guid(db8e95645f2fdd2439b5be16b50a78b2) Importer(815301076,1909f56bfc062723c751e8b465ee728b)
Start importing Assets/360_F_286067698_sZvY6i0BukkMSxKjMyn1y2YHtfpCRSL9.jpg using Guid(db8e95645f2fdd2439b5be16b50a78b2) Importer(815301076,1909f56bfc062723c751e8b465ee728b)  -> (artifact id: '2fe6e4a116d7cb231104d293412e0a8c') in 0.015387 seconds 
  Import took 0.019999 seconds .

========================================================================
Received Import Request.
  Time since last request: 0.000235 seconds.
  path: Assets/cartoon-background-wooden-sign-park-forest-173118912(1).jpg
  artifactKey: Guid(7618c886b1835934b89729b7ac1388b0) Importer(815301076,1909f56bfc062723c751e8b465ee728b)
Start importing Assets/cartoon-background-wooden-sign-park-forest-173118912(1).jpg using Guid(7618c886b1835934b89729b7ac1388b0) Importer(815301076,1909f56bfc062723c751e8b465ee728b)  -> (artifact id: 'ee1fe2767fa68c8ea6a4d1b5a88909ac') in 0.034652 seconds 
  Import took 0.039062 seconds .

========================================================================
Received Import Request.
  Time since last request: 0.000216 seconds.
  path: Assets/photo-1516528387618-afa90b13e000 1.jpg
  artifactKey: Guid(d7088a339a70e0b4087c6fa44b74a3b1) Importer(815301076,1909f56bfc062723c751e8b465ee728b)
Start importing Assets/photo-1516528387618-afa90b13e000 1.jpg using Guid(d7088a339a70e0b4087c6fa44b74a3b1) Importer(815301076,1909f56bfc062723c751e8b465ee728b)  -> (artifact id: '60fe0cee0e109605c08bc01fa5a3f282') in 0.018349 seconds 
  Import took 0.023769 seconds .

========================================================================
Received Import Request.
  Time since last request: 0.000181 seconds.
  path: Assets/Emerald-green-painted-swatch.jpg
  artifactKey: Guid(65db15a86c9b91f4ba84c6e1c17f5214) Importer(815301076,1909f56bfc062723c751e8b465ee728b)
Start importing Assets/Emerald-green-painted-swatch.jpg using Guid(65db15a86c9b91f4ba84c6e1c17f5214) Importer(815301076,1909f56bfc062723c751e8b465ee728b)  -> (artifact id: 'bbb0fb6d1c21a1f0cebc59ab40051ce3') in 0.021308 seconds 
  Import took 0.026370 seconds .

========================================================================
Received Import Request.
  Time since last request: 0.000248 seconds.
  path: Assets/navy-blue-color-solid-background-1920x1080.png
  artifactKey: Guid(be2c312d39698a34fb95a89caa1c176f) Importer(815301076,1909f56bfc062723c751e8b465ee728b)
Start importing Assets/navy-blue-color-solid-background-1920x1080.png using Guid(be2c312d39698a34fb95a89caa1c176f) Importer(815301076,1909f56bfc062723c751e8b465ee728b)  -> (artifact id: '7f184177f0d4254a285a1b1377aa1bf4') in 0.016952 seconds 
  Import took 0.020909 seconds .

========================================================================
Received Prepare
Refreshing native plugins compatible for Editor in 3.43 ms, found 3 plugins.
Preloading 0 native plugins for Editor in 0.00 ms.
Unloading 15 Unused Serialized files (Serialized files now loaded: 0)
System memory in use before: 56.5 MB.
System memory in use after: 56.7 MB.

Unloading 15 unused Assets to reduce memory usage. Loaded Objects now: 2675.
Total: 3.695800 ms (FindLiveObjects: 0.229800 ms CreateObjectMapping: 0.091600 ms MarkObjects: 3.357900 ms  DeleteObjects: 0.015700 ms)

AssetImportParameters requested are different than current active one (requested -> active):
  custom:framework-win-MediaFoundation: 216162199b28c13a410421893ffa2e32 -> 
  custom:video-decoder-ogg-theora: a1e56fd34408186e4bbccfd4996cb3dc -> 
  custom:container-muxer-webm: aa71ff27fc2769a1b78a27578f13a17b -> 
  custom:container-demuxer-webm: 4f35f7cbe854078d1ac9338744f61a02 -> 
  custom:container-demuxer-ogg: 62fdf1f143b41e24485cea50d1cbac27 -> 
  custom:video-encoder-webm-vp8: eb34c28f22e8b96e1ab97ce403110664 -> 
  custom:video-decoder-webm-vp8: 9c59270c3fd7afecdb556c50c9e8de78 -> 
  custom:audio-decoder-ogg-vorbis: bf7c407c2cedff20999df2af8eb42d56 -> 
  custom:audio-encoder-webm-vorbis: bf7c407c2cedff20999df2af8eb42d56 -> 
========================================================================
Received Prepare
Refreshing native plugins compatible for Editor in 2.85 ms, found 3 plugins.
Preloading 0 native plugins for Editor in 0.00 ms.
Unloading 15 Unused Serialized files (Serialized files now loaded: 0)
System memory in use before: 56.5 MB.
System memory in use after: 56.7 MB.

Unloading 15 unused Assets to reduce memory usage. Loaded Objects now: 2675.
Total: 4.103600 ms (FindLiveObjects: 0.213600 ms CreateObjectMapping: 0.079000 ms MarkObjects: 3.793900 ms  DeleteObjects: 0.016000 ms)

AssetImportParameters requested are different than current active one (requested -> active):
  custom:framework-win-MediaFoundation: 216162199b28c13a410421893ffa2e32 -> 
  custom:video-decoder-ogg-theora: a1e56fd34408186e4bbccfd4996cb3dc -> 
  custom:container-muxer-webm: aa71ff27fc2769a1b78a27578f13a17b -> 
  custom:container-demuxer-webm: 4f35f7cbe854078d1ac9338744f61a02 -> 
  custom:container-demuxer-ogg: 62fdf1f143b41e24485cea50d1cbac27 -> 
  custom:video-encoder-webm-vp8: eb34c28f22e8b96e1ab97ce403110664 -> 
  custom:video-decoder-webm-vp8: 9c59270c3fd7afecdb556c50c9e8de78 -> 
  custom:audio-decoder-ogg-vorbis: bf7c407c2cedff20999df2af8eb42d56 -> 
  custom:audio-encoder-webm-vorbis: bf7c407c2cedff20999df2af8eb42d56 -> 
AssetImportWorkerClient::OnTransportError - code=2 error=End of file
